app/build/outputs/mapping/release/seeds.txt
com.rawmilk.app.MainActivity$configureWebViewSettings$2
com.rawmilk.app.R$style
com.rawmilk.app.R$raw
com.rawmilk.app.MainActivity$configureWebViewSettings$1
com.rawmilk.app.CustomLauncherActivity$prewarmCustomTabs$1
com.rawmilk.app.R$xml
com.rawmilk.app.R$string
com.rawmilk.app.R$drawable
com.rawmilk.app.R$mipmap
com.rawmilk.app.CustomLauncherActivity
com.rawmilk.app.R$color
com.rawmilk.app.MainActivity$fcmTokenReceiver$1
com.rawmilk.app.R$integer
com.rawmilk.app.FCMDiagnostics
com.rawmilk.app.Application
com.rawmilk.app.MainActivity$AndroidBridge
com.rawmilk.app.R
com.rawmilk.app.MainActivity
com.rawmilk.app.MyFirebaseMessagingService
com.rawmilk.app.R$bool
com.rawmilk.app.DiagnosticsHelper
com.rawmilk.app.R$drawable: int splash_background_gradient
com.rawmilk.app.MainActivity: android.webkit.ValueCallback fileChooserCallback
com.rawmilk.app.R$string: int generatorApp
com.rawmilk.app.MainActivity: com.google.android.gms.auth.api.signin.GoogleSignInClient googleSignInClient
com.rawmilk.app.R$string: int assetStatements
com.rawmilk.app.R$color: int navigationDividerColor
com.rawmilk.app.R$string: int providerAuthority
com.rawmilk.app.MainActivity: java.lang.String WEB_CLIENT_ID
com.rawmilk.app.MainActivity$AndroidBridge: com.rawmilk.app.MainActivity this$0
com.rawmilk.app.R$raw: int web_app_manifest
com.rawmilk.app.MainActivity$fcmTokenReceiver$1: com.rawmilk.app.MainActivity this$0
com.rawmilk.app.CustomLauncherActivity: androidx.browser.customtabs.CustomTabsSession customTabsSession
com.rawmilk.app.R$string: int gcm_defaultSenderId
com.rawmilk.app.R$color: int backgroundColor
com.rawmilk.app.R$xml: int network_security_config
com.rawmilk.app.R$string: int google_app_id
com.rawmilk.app.R$mipmap: int ic_launcher_foreground
com.rawmilk.app.R$style: int Theme_RawMilk
com.rawmilk.app.CustomLauncherActivity: androidx.browser.customtabs.CustomTabsClient customTabsClient
com.rawmilk.app.R$string: int google_api_key
com.rawmilk.app.R$color: int navigationColor
com.rawmilk.app.MainActivity: android.webkit.WebView webView
com.rawmilk.app.R$string: int hostName
com.rawmilk.app.R$string: int fallbackType
com.rawmilk.app.CustomLauncherActivity$prewarmCustomTabs$1: com.rawmilk.app.CustomLauncherActivity this$0
com.rawmilk.app.R$string: int orientation
com.rawmilk.app.R$style: int Theme_RawMilk_Splash
com.rawmilk.app.MainActivity: boolean isWebViewLoaded
com.rawmilk.app.MainActivity: com.rawmilk.app.MainActivity$fcmTokenReceiver$1 fcmTokenReceiver
com.rawmilk.app.R$xml: int filepaths
com.rawmilk.app.R$xml: int shortcuts
com.rawmilk.app.R$mipmap: int ic_launcher_round
com.rawmilk.app.R$string: int appName
com.rawmilk.app.MainActivity$configureWebViewSettings$2: com.rawmilk.app.MainActivity this$0
com.rawmilk.app.R$string: int google_storage_bucket
com.rawmilk.app.DiagnosticsHelper: kotlin.jvm.functions.Function1 onNavigateToUrl
com.rawmilk.app.DiagnosticsHelper: android.app.Activity activity
com.rawmilk.app.R$mipmap: int ic_maskable
com.rawmilk.app.R$bool: int enableNotification
com.rawmilk.app.R$string: int webManifestUrl
com.rawmilk.app.R$color: int shortcut_background
com.rawmilk.app.R$string: int project_id
com.rawmilk.app.R$style: int Theme_RawMilk_NoAnimation
com.rawmilk.app.R$string: int google_crash_reporting_api_key
com.rawmilk.app.R$bool: int enableSiteSettingsShortcut
com.rawmilk.app.MainActivity$configureWebViewSettings$1: com.rawmilk.app.MainActivity this$0
com.rawmilk.app.MainActivity: java.lang.String cachedFcmToken
com.rawmilk.app.R$string: int launcherName
com.rawmilk.app.R$mipmap: int ic_launcher
com.rawmilk.app.R$integer: int splashScreenFadeOutDuration
com.rawmilk.app.R$color: int navigationDividerColorDark
com.rawmilk.app.R$style: int Theme_App_Starting
com.rawmilk.app.MainActivity: java.lang.String cachedGoogleIdToken
com.rawmilk.app.R$drawable: int shortcut_legacy_background
com.rawmilk.app.R$string: int fullScopeUrl
com.rawmilk.app.R$color: int colorPrimaryDark
...
com.google.android.gms.internal.firebase-auth-api.zzakq: void zza(com.google.android.gms.internal.firebase-auth-api.zzakp,java.lang.StringBuilder,int)
com.google.android.material.textfield.TextInputLayout: android.graphics.drawable.Drawable getEndIconDrawable()
com.google.android.gms.auth.api.signin.GoogleSignIn: com.google.android.gms.auth.api.signin.GoogleSignInAccount getAccountForExtension(android.content.Context,com.google.android.gms.auth.api.signin.GoogleSignInOptionsExtension)
androidx.browser.customtabs.CustomTabsIntent: boolean isSendToExternalDefaultHandlerEnabled(android.content.Intent)
com.google.android.gms.internal.firebase-auth-api.zzmn: boolean zzb(java.lang.String)
com.google.android.gms.internal.fido.zzdr: com.google.android.gms.internal.fido.zzdm zzf()
com.google.android.gms.internal.firebase-auth-api.zzuv: com.google.android.gms.internal.firebase-auth-api.zzuv zzd()
androidx.fragment.app.Fragment: void performCreate(android.os.Bundle)
com.google.android.gms.common.internal.safeparcel.SafeParcelable$Indicator: java.lang.String getter()
androidx.browser.customtabs.CustomTabsService$1: android.net.Uri getTargetOriginFromBundle(android.os.Bundle)
com.google.android.gms.common.internal.TelemetryData: TelemetryData(int,java.util.List)
com.google.android.gms.internal.firebase-auth-api.zzabj: void zzb()
com.google.android.gms.auth.api.accounttransfer.zzt: java.lang.Object createFromParcel(android.os.Parcel)
com.google.android.gms.internal.firebase-auth-api.zzny: com.google.android.gms.internal.firebase-auth-api.zzci zza(com.google.android.gms.internal.firebase-auth-api.zzox)
com.google.firebase.encoders.json.JsonValueObjectEncoderContext: com.google.firebase.encoders.ObjectEncoderContext add(com.google.firebase.encoders.FieldDescriptor,float)
com.google.android.recaptcha.internal.zzhh: void zzh(int,long)
com.google.android.gms.cloudmessaging.CloudMessage: java.lang.String getSenderId()
com.google.android.gms.auth.api.identity.zbt: java.lang.Object[] newArray(int)
androidx.browser.customtabs.CustomTabsService$1: boolean requestPostMessageChannel(android.support.customtabs.ICustomTabsCallback,android.net.Uri)
com.google.android.gms.signin.internal.zal: zal()
androidx.browser.customtabs.CustomTabsService$1: boolean mayLaunchUrl(android.support.customtabs.ICustomTabsCallback,android.net.Uri,android.os.Bundle,java.util.List)
androidx.concurrent.futures.AbstractResolvableFuture: void interruptTask()
com.google.android.gms.internal.firebase-auth-api.zzlv: byte[] zza()
com.google.android.recaptcha.internal.zzfp: java.util.Collection zzc()
com.google.android.play.integrity.internal.r: com.google.android.gms.tasks.TaskCompletionSource c()
com.google.android.gms.common.api.internal.ListenerHolder: void zaa(com.google.android.gms.common.api.internal.ListenerHolder$Notifier)
kotlinx.coroutines.android.AndroidExceptionPreHandler: void handleException(kotlin.coroutines.CoroutineContext,java.lang.Throwable)
com.google.android.gms.common.images.Size: java.lang.NumberFormatException zaa(java.lang.String)
com.google.android.gms.internal.firebase-auth-api.zzamf: void zza(com.google.android.gms.internal.firebase-auth-api.zzanc)
com.google.android.gms.fido.fido2.zzh: zzh(com.google.android.gms.fido.fido2.Fido2ApiClient,com.google.android.gms.tasks.TaskCompletionSource)
com.google.firebase.auth.ActionCodeUrl: java.lang.String zza()
com.google.android.gms.internal.firebase-auth-api.zzvc: com.google.android.gms.internal.firebase-auth-api.zzvs zzd()
com.google.android.gms.internal.common.zzaf: com.google.android.gms.internal.common.zzag zzh(int,int)
com.google.android.gms.internal.firebase-auth-api.zzacf: void zzc(java.lang.String)
com.google.android.gms.cloudmessaging.CloudMessage: long getSentTime()
com.google.firebase.messaging.TopicsSubscriber: void addToPendingOperations(com.google.firebase.messaging.TopicOperation,com.google.android.gms.tasks.TaskCompletionSource)