app/build/outputs/mapping/release/usage.txt
androidx.vectordrawable.R$dimen
androidx.vectordrawable.R$drawable
androidx.vectordrawable.R$id
androidx.vectordrawable.R$integer
androidx.vectordrawable.R$layout
androidx.vectordrawable.R$string
androidx.vectordrawable.R$style
androidx.vectordrawable.R$styleable
androidx.vectordrawable.R
androidx.vectordrawable.animated.R$attr
androidx.vectordrawable.animated.R$color
androidx.vectordrawable.animated.R$dimen
androidx.vectordrawable.animated.R$drawable
androidx.vectordrawable.animated.R$id
androidx.vectordrawable.animated.R$integer
androidx.vectordrawable.animated.R$layout
androidx.vectordrawable.animated.R$string
androidx.vectordrawable.animated.R$style
androidx.vectordrawable.animated.R$styleable
androidx.vectordrawable.animated.R
androidx.vectordrawable.graphics.drawable.AndroidResources:
    public static final int FAST_OUT_LINEAR_IN
    public static final int FAST_OUT_SLOW_IN
    public static final int LINEAR_OUT_SLOW_IN
    static final int STYLEABLE_ANIMATED_VECTOR_DRAWABLE_DRAWABLE
    static final int STYLEABLE_ANIMATED_VECTOR_DRAWABLE_TARGET_ANIMATION
    static final int STYLEABLE_ANIMATED_VECTOR_DRAWABLE_TARGET_NAME
    public static final int STYLEABLE_ANIMATOR_DURATION
    public static final int STYLEABLE_ANIMATOR_INTERPOLATOR
    public static final int STYLEABLE_ANIMATOR_REPEAT_COUNT
    public static final int STYLEABLE_ANIMATOR_REPEAT_MODE
    public static final int STYLEABLE_ANIMATOR_SET_ORDERING
    public static final int STYLEABLE_ANIMATOR_START_OFFSET
    public static final int STYLEABLE_ANIMATOR_VALUE_FROM
    public static final int STYLEABLE_ANIMATOR_VALUE_TO
    public static final int STYLEABLE_ANIMATOR_VALUE_TYPE
    public static final int STYLEABLE_KEYFRAME_FRACTION
    public static final int STYLEABLE_KEYFRAME_INTERPOLATOR
    public static final int STYLEABLE_KEYFRAME_VALUE
    public static final int STYLEABLE_KEYFRAME_VALUE_TYPE
    public static final int STYLEABLE_PATH_INTERPOLATOR_CONTROL_X_1
    public static final int STYLEABLE_PATH_INTERPOLATOR_CONTROL_X_2
    public static final int STYLEABLE_PATH_INTERPOLATOR_CONTROL_Y_1
    public static final int STYLEABLE_PATH_INTERPOLATOR_CONTROL_Y_2
    public static final int STYLEABLE_PATH_INTERPOLATOR_PATH_DATA
androidx.vectordrawable.graphics.drawable.Animatable2Compat
androidx.vectordrawable.graphics.drawable.AnimatedVectorDrawableCompat:
    private static final java.lang.String ANIMATED_VECTOR
    private static final boolean DBG_ANIMATION_VECTOR_DRAWABLE
    private static final java.lang.String LOGTAG
    private static final java.lang.String TARGET
    public void clearAnimationCallbacks()
    public static void clearAnimationCallbacks(android.graphics.drawable.Drawable)
    public static void registerAnimationCallback(android.graphics.drawable.Drawable,androidx.vectordrawable.graphics.drawable.Animatable2Compat$AnimationCallback)
    public static boolean unregisterAnimationCallback(android.graphics.drawable.Drawable,androidx.vectordrawable.graphics.drawable.Animatable2Compat$AnimationCallback)
androidx.vectordrawable.graphics.drawable.AnimationUtilsCompat:
    private void <init>()
androidx.vectordrawable.graphics.drawable.AnimatorInflaterCompat$PathDataEvaluator:
    void <init>(androidx.core.graphics.PathParser$PathDataNode[])
androidx.vectordrawable.graphics.drawable.AnimatorInflaterCompat:
    private static final boolean DBG_ANIMATOR_INFLATER
    private static final int MAX_NUM_POINTS
    private static final java.lang.String TAG
    private static final int TOGETHER
    private static final int VALUE_TYPE_COLOR
    private static final int VALUE_TYPE_FLOAT
    private static final int VALUE_TYPE_INT
    private static final int VALUE_TYPE_PATH
    private static final int VALUE_TYPE_UNDEFINED
    private void <init>()
    private static void dumpKeyframes(java.lang.Object[],java.lang.String)